3_94_20_7_2_2_6_1 Generation 0
ERROR: Selection ratios do not add to 100
Min Chi^2: 0.078339895327976
waiting...
waiting...
waiting...
waiting...
3_94_20_7_2_2_6_1 Generation 1
ERROR: Selection ratios do not add to 100
Min Chi^2: 0.078339895327976
waiting...
waiting...
waiting...
waiting...
3_94_20_7_2_2_6_1 Generation 2
ERROR: Selection ratios do not add to 100
Min Chi^2: 0.078339895327976
waiting...
waiting...
waiting...
waiting...
3_94_20_7_2_2_6_1 Generation 3
ERROR: Selection ratios do not add to 100
Min Chi^2: 0.078339895327976
waiting...
waiting...
waiting...
waiting...
3_94_20_7_2_2_6_1 Generation 4
ERROR: Selection ratios do not add to 100
Min Chi^2: 0.078339895327976
waiting...
waiting...
waiting...
waiting...
3_94_20_7_2_2_6_1 Generation 5
ERROR: Selection ratios do not add to 100
Min Chi^2: 0.078339895327976
waiting...
waiting...
waiting...
waiting...
3_94_20_7_2_2_6_1 Generation 6
ERROR: Selection ratios do not add to 100
Min Chi^2: 0.078339895327976
waiting...
waiting...
waiting...
waiting...
3_94_20_7_2_2_6_1 Generation 7
ERROR: Selection ratios do not add to 100
Min Chi^2: 0.078339895327976
waiting...
waiting...
waiting...
waiting...
3_94_20_7_2_2_6_1 Generation 8
ERROR: Selection ratios do not add to 100
Min Chi^2: 0.078339895327976
waiting...
waiting...
waiting...
waiting...
3_94_20_7_2_2_6_1 Generation 9
ERROR: Selection ratios do not add to 100
Min Chi^2: 0.078339895327976
waiting...
waiting...
waiting...
waiting...
3_94_20_7_2_2_6_1 Generation 10
ERROR: Selection ratios do not add to 100
Min Chi^2: 0.078339895327976
waiting...
waiting...
waiting...
waiting...
3_94_20_7_2_2_6_1 Generation 11
ERROR: Selection ratios do not add to 100
Min Chi^2: 0.078339895327976
waiting...
waiting...
waiting...
waiting...
3_94_20_7_2_2_6_1 Generation 12
ERROR: Selection ratios do not add to 100
Min Chi^2: 0.078339895327976
waiting...
waiting...
waiting...
waiting...
3_94_20_7_2_2_6_1 Generation 13
ERROR: Selection ratios do not add to 100
Min Chi^2: 0.078339895327976
waiting...
waiting...
waiting...
waiting...
3_94_20_7_2_2_6_1 Generation 14
ERROR: Selection ratios do not add to 100
Min Chi^2: 0.078339895327976
waiting...
waiting...
waiting...
waiting...
3_94_20_7_2_2_6_1 Generation 15
ERROR: Selection ratios do not add to 100
Min Chi^2: 0.078339895327976
waiting...
waiting...
waiting...
waiting...
3_94_20_7_2_2_6_1 Generation 16
ERROR: Selection ratios do not add to 100
Min Chi^2: 0.078339895327976
waiting...
waiting...
waiting...
waiting...
3_94_20_7_2_2_6_1 Generation 17
ERROR: Selection ratios do not add to 100
Min Chi^2: 0.078339895327976
waiting...
waiting...
waiting...
waiting...
3_94_20_7_2_2_6_1 Generation 18
ERROR: Selection ratios do not add to 100
Min Chi^2: 0.078339895327976
waiting...
waiting...
waiting...
waiting...
3_94_20_7_2_2_6_1 Generation 19
ERROR: Selection ratios do not add to 100
Min Chi^2: 0.078339895327976
waiting...
waiting...
waiting...
waiting...
3_94_20_7_2_2_6_1 Generation 20
ERROR: Selection ratios do not add to 100
Min Chi^2: 0.078339895327976
waiting...
waiting...
waiting...
waiting...
3_94_20_7_2_2_6_1 Generation 21
ERROR: Selection ratios do not add to 100
Min Chi^2: 0.078339895327976
waiting...
waiting...
waiting...
waiting...
3_94_20_7_2_2_6_1 Generation 22
ERROR: Selection ratios do not add to 100
Min Chi^2: 0.078339895327976
waiting...
waiting...
waiting...
waiting...
3_94_20_7_2_2_6_1 Generation 23
ERROR: Selection ratios do not add to 100
Min Chi^2: 0.078339895327976
waiting...
waiting...
waiting...
waiting...
3_94_20_7_2_2_6_1 Generation 24
ERROR: Selection ratios do not add to 100
Min Chi^2: 0.078339895327976
waiting...
waiting...
waiting...
waiting...
3_94_20_7_2_2_6_1 Generation 25
ERROR: Selection ratios do not add to 100
Min Chi^2: 0.078339895327976
waiting...
waiting...
waiting...
waiting...
3_94_20_7_2_2_6_1 Generation 26
ERROR: Selection ratios do not add to 100
Min Chi^2: 0.078339895327976
waiting...
waiting...
waiting...
waiting...
3_94_20_7_2_2_6_1 Generation 27
ERROR: Selection ratios do not add to 100
Min Chi^2: 0.078339895327976
waiting...
waiting...
waiting...
waiting...
3_94_20_7_2_2_6_1 Generation 28
ERROR: Selection ratios do not add to 100
Min Chi^2: 0.078339895327976
waiting...
waiting...
waiting...
waiting...
3_94_20_7_2_2_6_1 Generation 29
ERROR: Selection ratios do not add to 100
Min Chi^2: 0.078339895327976
waiting...
waiting...
waiting...
waiting...
3_94_20_7_2_2_6_1 Generation 30
ERROR: Selection ratios do not add to 100
Min Chi^2: 0.078339895327976
waiting...
waiting...
waiting...
waiting...
3_94_20_7_2_2_6_1 Generation 31
ERROR: Selection ratios do not add to 100
Min Chi^2: 0.078339895327976
waiting...
waiting...
waiting...
waiting...
3_94_20_7_2_2_6_1 Generation 32
ERROR: Selection ratios do not add to 100
Min Chi^2: 0.078339895327976
waiting...
waiting...
waiting...
waiting...
3_94_20_7_2_2_6_1 Generation 33
ERROR: Selection ratios do not add to 100
Min Chi^2: 0.078339895327976
waiting...
waiting...
waiting...
waiting...
3_94_20_7_2_2_6_1 Generation 34
ERROR: Selection ratios do not add to 100
Min Chi^2: 0.078339895327976
waiting...
waiting...
waiting...
waiting...
3_94_20_7_2_2_6_1 Generation 35
ERROR: Selection ratios do not add to 100
Min Chi^2: 0.078339895327976
waiting...
waiting...
waiting...
waiting...
3_94_20_7_2_2_6_1 Generation 36
ERROR: Selection ratios do not add to 100
Min Chi^2: 0.078339895327976
waiting...
waiting...
waiting...
waiting...
3_94_20_7_2_2_6_1 Generation 37
ERROR: Selection ratios do not add to 100
Min Chi^2: 0.078339895327976
waiting...
waiting...
waiting...
waiting...
3_94_20_7_2_2_6_1 Generation 38
ERROR: Selection ratios do not add to 100
Min Chi^2: 0.078339895327976
waiting...
waiting...
waiting...
waiting...
3_94_20_7_2_2_6_1 Generation 39
ERROR: Selection ratios do not add to 100
Min Chi^2: 0.078339895327976
waiting...
waiting...
waiting...
waiting...
3_94_20_7_2_2_6_1 Generation 40
ERROR: Selection ratios do not add to 100
Min Chi^2: 0.078339895327976
waiting...
waiting...
waiting...
waiting...
3_94_20_7_2_2_6_1 Generation 41
ERROR: Selection ratios do not add to 100
Min Chi^2: 0.078339895327976
waiting...
waiting...
waiting...
waiting...
3_94_20_7_2_2_6_1 Generation 42
ERROR: Selection ratios do not add to 100
Min Chi^2: 0.078339895327976
waiting...
waiting...
waiting...
waiting...
3_94_20_7_2_2_6_1 Generation 43
ERROR: Selection ratios do not add to 100
Min Chi^2: 0.078339895327976
waiting...
waiting...
waiting...
waiting...
3_94_20_7_2_2_6_1 Generation 44
ERROR: Selection ratios do not add to 100
Min Chi^2: 0.078339895327976
waiting...
waiting...
waiting...
waiting...
3_94_20_7_2_2_6_1 Generation 45
ERROR: Selection ratios do not add to 100
Min Chi^2: 0.078339895327976
waiting...
waiting...
waiting...
waiting...
3_94_20_7_2_2_6_1 Generation 46
ERROR: Selection ratios do not add to 100
Min Chi^2: 0.078339895327976
waiting...
waiting...
waiting...
waiting...
3_94_20_7_2_2_6_1 Generation 47
ERROR: Selection ratios do not add to 100
Min Chi^2: 0.078339895327976
waiting...
waiting...
waiting...
waiting...
3_94_20_7_2_2_6_1 Generation 48
ERROR: Selection ratios do not add to 100
Min Chi^2: 0.078339895327976
waiting...
waiting...
waiting...
waiting...
3_94_20_7_2_2_6_1 Generation 49
ERROR: Selection ratios do not add to 100
Min Chi^2: 0.078339895327976
waiting...
waiting...
waiting...
waiting...
3_94_20_7_2_2_6_1 Generation 50
ERROR: Selection ratios do not add to 100
Min Chi^2: 0.078339895327976
waiting...
waiting...
waiting...
waiting...
0.078339895327976
