3_94_20_7_2_2_6_1 Generation 0
ERROR: Selection ratios do not add to 100
Max Fitness: 0.11135900041492912
Min Chi^2: 660.5770157114723
waiting...
waiting...
waiting...
waiting...
3_94_20_7_2_2_6_1 Generation 1
ERROR: Selection ratios do not add to 100
Max Fitness: 0.10001404146292123
Min Chi^2: 660.5770157114723
waiting...
waiting...
waiting...
waiting...
3_94_20_7_2_2_6_1 Generation 2
ERROR: Selection ratios do not add to 100
Max Fitness: 0.11036807996244119
Min Chi^2: 660.5770157114723
waiting...
waiting...
waiting...
waiting...
3_94_20_7_2_2_6_1 Generation 3
ERROR: Selection ratios do not add to 100
Max Fitness: 0.1077665329116297
Min Chi^2: 660.5770157114723
waiting...
waiting...
waiting...
waiting...
3_94_20_7_2_2_6_1 Generation 4
ERROR: Selection ratios do not add to 100
Max Fitness: 0.09998550065351232
Min Chi^2: 660.5770157114723
waiting...
waiting...
waiting...
waiting...
3_94_20_7_2_2_6_1 Generation 5
ERROR: Selection ratios do not add to 100
Max Fitness: 0.10068455336143173
Min Chi^2: 660.5770157114723
waiting...
waiting...
waiting...
waiting...
3_94_20_7_2_2_6_1 Generation 6
ERROR: Selection ratios do not add to 100
Max Fitness: 0.11148503247489215
Min Chi^2: 660.5770157114723
waiting...
waiting...
waiting...
waiting...
3_94_20_7_2_2_6_1 Generation 7
ERROR: Selection ratios do not add to 100
Max Fitness: 0.10832443850733196
Min Chi^2: 660.5770157114723
waiting...
waiting...
waiting...
waiting...
3_94_20_7_2_2_6_1 Generation 8
ERROR: Selection ratios do not add to 100
Max Fitness: 0.10549432576407311
Min Chi^2: 660.5770157114723
waiting...
waiting...
waiting...
waiting...
3_94_20_7_2_2_6_1 Generation 9
ERROR: Selection ratios do not add to 100
Max Fitness: 0.102022889473461
Min Chi^2: 660.5770157114723
waiting...
waiting...
waiting...
waiting...
3_94_20_7_2_2_6_1 Generation 10
ERROR: Selection ratios do not add to 100
Max Fitness: 0.11060743593116447
Min Chi^2: 660.5770157114723
waiting...
waiting...
waiting...
waiting...
3_94_20_7_2_2_6_1 Generation 11
ERROR: Selection ratios do not add to 100
Max Fitness: 0.10485679646329887
Min Chi^2: 660.5770157114723
waiting...
waiting...
waiting...
waiting...
3_94_20_7_2_2_6_1 Generation 12
ERROR: Selection ratios do not add to 100
Max Fitness: 0.1004472220837884
Min Chi^2: 660.5770157114723
waiting...
waiting...
waiting...
waiting...
3_94_20_7_2_2_6_1 Generation 13
ERROR: Selection ratios do not add to 100
Max Fitness: 0.10384275070591698
Min Chi^2: 660.5770157114723
waiting...
waiting...
waiting...
waiting...
3_94_20_7_2_2_6_1 Generation 14
ERROR: Selection ratios do not add to 100
Max Fitness: 0.10386296902514283
Min Chi^2: 660.5770157114723
waiting...
waiting...
waiting...
waiting...
3_94_20_7_2_2_6_1 Generation 15
ERROR: Selection ratios do not add to 100
Max Fitness: 0.10935346388234359
Min Chi^2: 660.5770157114723
waiting...
waiting...
waiting...
waiting...
3_94_20_7_2_2_6_1 Generation 16
ERROR: Selection ratios do not add to 100
Max Fitness: 0.10997989771276287
Min Chi^2: 660.5770157114723
waiting...
waiting...
waiting...
waiting...
3_94_20_7_2_2_6_1 Generation 17
ERROR: Selection ratios do not add to 100
Max Fitness: 0.10145709521106205
Min Chi^2: 660.5770157114723
waiting...
waiting...
waiting...
waiting...
3_94_20_7_2_2_6_1 Generation 18
ERROR: Selection ratios do not add to 100
Max Fitness: 0.09934582191543617
Min Chi^2: 660.5770157114723
waiting...
waiting...
waiting...
waiting...
3_94_20_7_2_2_6_1 Generation 19
ERROR: Selection ratios do not add to 100
Max Fitness: 0.1143064226913332
Min Chi^2: 660.5770157114723
waiting...
waiting...
waiting...
waiting...
3_94_20_7_2_2_6_1 Generation 20
ERROR: Selection ratios do not add to 100
Max Fitness: 0.10477803101434781
Min Chi^2: 660.5770157114723
waiting...
waiting...
waiting...
waiting...
3_94_20_7_2_2_6_1 Generation 21
ERROR: Selection ratios do not add to 100
Max Fitness: 0.10476168316243083
Min Chi^2: 660.5770157114723
waiting...
waiting...
waiting...
waiting...
3_94_20_7_2_2_6_1 Generation 22
ERROR: Selection ratios do not add to 100
Max Fitness: 0.1036912772880993
Min Chi^2: 660.5770157114723
waiting...
waiting...
waiting...
waiting...
3_94_20_7_2_2_6_1 Generation 23
ERROR: Selection ratios do not add to 100
Max Fitness: 0.1052262173550743
Min Chi^2: 660.5770157114723
waiting...
waiting...
waiting...
waiting...
3_94_20_7_2_2_6_1 Generation 24
ERROR: Selection ratios do not add to 100
Max Fitness: 0.10384916725369564
Min Chi^2: 660.5770157114723
waiting...
waiting...
waiting...
waiting...
3_94_20_7_2_2_6_1 Generation 25
ERROR: Selection ratios do not add to 100
Max Fitness: 0.10679553755621304
Min Chi^2: 660.5770157114723
waiting...
waiting...
waiting...
waiting...
3_94_20_7_2_2_6_1 Generation 26
ERROR: Selection ratios do not add to 100
Max Fitness: 0.10169618929081642
Min Chi^2: 660.5770157114723
waiting...
waiting...
waiting...
waiting...
3_94_20_7_2_2_6_1 Generation 27
ERROR: Selection ratios do not add to 100
Max Fitness: 0.1024931726762497
Min Chi^2: 660.5770157114723
waiting...
waiting...
waiting...
waiting...
3_94_20_7_2_2_6_1 Generation 28
ERROR: Selection ratios do not add to 100
Max Fitness: 0.11206492598028378
Min Chi^2: 660.5770157114723
waiting...
waiting...
waiting...
waiting...
3_94_20_7_2_2_6_1 Generation 29
ERROR: Selection ratios do not add to 100
Max Fitness: 0.11001087858752256
Min Chi^2: 660.5770157114723
waiting...
waiting...
waiting...
waiting...
3_94_20_7_2_2_6_1 Generation 30
ERROR: Selection ratios do not add to 100
Max Fitness: 0.09986890474317835
Min Chi^2: 660.5770157114723
waiting...
waiting...
waiting...
waiting...
3_94_20_7_2_2_6_1 Generation 31
ERROR: Selection ratios do not add to 100
Max Fitness: 0.10081242323036944
Min Chi^2: 660.5770157114723
waiting...
waiting...
waiting...
waiting...
3_94_20_7_2_2_6_1 Generation 32
ERROR: Selection ratios do not add to 100
Max Fitness: 0.10035039219924546
Min Chi^2: 660.5770157114723
waiting...
waiting...
waiting...
waiting...
3_94_20_7_2_2_6_1 Generation 33
ERROR: Selection ratios do not add to 100
Max Fitness: 0.10285461721046787
Min Chi^2: 660.5770157114723
waiting...
waiting...
waiting...
waiting...
3_94_20_7_2_2_6_1 Generation 34
ERROR: Selection ratios do not add to 100
Max Fitness: 0.10887955322491001
Min Chi^2: 660.5770157114723
waiting...
waiting...
waiting...
waiting...
3_94_20_7_2_2_6_1 Generation 35
ERROR: Selection ratios do not add to 100
Max Fitness: 0.1021794102900449
Min Chi^2: 660.5770157114723
waiting...
waiting...
waiting...
waiting...
3_94_20_7_2_2_6_1 Generation 36
ERROR: Selection ratios do not add to 100
Max Fitness: 0.10284790370928597
Min Chi^2: 660.5770157114723
waiting...
waiting...
waiting...
waiting...
3_94_20_7_2_2_6_1 Generation 37
ERROR: Selection ratios do not add to 100
Max Fitness: 0.10262137095961879
Min Chi^2: 660.5770157114723
waiting...
waiting...
waiting...
waiting...
3_94_20_7_2_2_6_1 Generation 38
ERROR: Selection ratios do not add to 100
Max Fitness: 0.1032187204752142
Min Chi^2: 660.5770157114723
waiting...
waiting...
waiting...
waiting...
3_94_20_7_2_2_6_1 Generation 39
ERROR: Selection ratios do not add to 100
Max Fitness: 0.09978669016301984
Min Chi^2: 660.5770157114723
waiting...
waiting...
waiting...
waiting...
3_94_20_7_2_2_6_1 Generation 40
ERROR: Selection ratios do not add to 100
Max Fitness: 0.10973431883954263
Min Chi^2: 660.5770157114723
waiting...
waiting...
waiting...
waiting...
3_94_20_7_2_2_6_1 Generation 41
ERROR: Selection ratios do not add to 100
Max Fitness: 0.09663313382865842
Min Chi^2: 660.5770157114723
waiting...
waiting...
waiting...
waiting...
3_94_20_7_2_2_6_1 Generation 42
ERROR: Selection ratios do not add to 100
Max Fitness: 0.10741116269200487
Min Chi^2: 660.5770157114723
waiting...
waiting...
waiting...
waiting...
3_94_20_7_2_2_6_1 Generation 43
ERROR: Selection ratios do not add to 100
Max Fitness: 0.1057955548183841
Min Chi^2: 660.5770157114723
waiting...
waiting...
waiting...
waiting...
3_94_20_7_2_2_6_1 Generation 44
ERROR: Selection ratios do not add to 100
Max Fitness: 0.12006603872571231
Min Chi^2: 660.5770157114723
waiting...
waiting...
waiting...
waiting...
3_94_20_7_2_2_6_1 Generation 45
ERROR: Selection ratios do not add to 100
Max Fitness: 0.09865136595961407
Min Chi^2: 660.5770157114723
waiting...
waiting...
waiting...
waiting...
3_94_20_7_2_2_6_1 Generation 46
ERROR: Selection ratios do not add to 100
Max Fitness: 0.10136753974593947
Min Chi^2: 660.5770157114723
waiting...
waiting...
waiting...
waiting...
3_94_20_7_2_2_6_1 Generation 47
ERROR: Selection ratios do not add to 100
Max Fitness: 0.1031785300241427
Min Chi^2: 660.5770157114723
waiting...
waiting...
waiting...
waiting...
3_94_20_7_2_2_6_1 Generation 48
ERROR: Selection ratios do not add to 100
Max Fitness: 0.11210486536354522
Min Chi^2: 660.5770157114723
waiting...
waiting...
waiting...
waiting...
3_94_20_7_2_2_6_1 Generation 49
ERROR: Selection ratios do not add to 100
Max Fitness: 0.10229498289552547
Min Chi^2: 660.5770157114723
waiting...
waiting...
waiting...
waiting...
3_94_20_7_2_2_6_1 Generation 50
ERROR: Selection ratios do not add to 100
Max Fitness: 0.10656702987164995
Min Chi^2: 660.5770157114723
waiting...
waiting...
waiting...
waiting...
0.10656702987164995
660.5770157114723
