3_94_20_7_2_2_6_1 Generation 0
ERROR: Selection ratios do not add to 100
Max Fitness: 0.10026050279007523
Min Chi^2: 660.5770157114723
waiting...
waiting...
waiting...
waiting...
3_94_20_7_2_2_6_1 Generation 1
ERROR: Selection ratios do not add to 100
Max Fitness: 0.10642721545092204
Min Chi^2: 660.5770157114723
waiting...
waiting...
waiting...
waiting...
3_94_20_7_2_2_6_1 Generation 2
ERROR: Selection ratios do not add to 100
Max Fitness: 0.10419999319754922
Min Chi^2: 660.5770157114723
waiting...
waiting...
waiting...
waiting...
3_94_20_7_2_2_6_1 Generation 3
ERROR: Selection ratios do not add to 100
Max Fitness: 0.10492835982677517
Min Chi^2: 660.5770157114723
waiting...
waiting...
waiting...
waiting...
3_94_20_7_2_2_6_1 Generation 4
ERROR: Selection ratios do not add to 100
Max Fitness: 0.10052321449125196
Min Chi^2: 660.5770157114723
waiting...
waiting...
waiting...
waiting...
3_94_20_7_2_2_6_1 Generation 5
ERROR: Selection ratios do not add to 100
Max Fitness: 0.10341752841589577
Min Chi^2: 660.5770157114723
waiting...
waiting...
waiting...
waiting...
3_94_20_7_2_2_6_1 Generation 6
ERROR: Selection ratios do not add to 100
Max Fitness: 0.1032924628608475
Min Chi^2: 660.5770157114723
waiting...
waiting...
waiting...
waiting...
3_94_20_7_2_2_6_1 Generation 7
ERROR: Selection ratios do not add to 100
Max Fitness: 0.10542044223519109
Min Chi^2: 660.5770157114723
waiting...
waiting...
waiting...
waiting...
3_94_20_7_2_2_6_1 Generation 8
ERROR: Selection ratios do not add to 100
Max Fitness: 0.10231681026218198
Min Chi^2: 660.5770157114723
waiting...
waiting...
waiting...
waiting...
3_94_20_7_2_2_6_1 Generation 9
ERROR: Selection ratios do not add to 100
Max Fitness: 0.1002810346687433
Min Chi^2: 660.5770157114723
waiting...
waiting...
waiting...
waiting...
3_94_20_7_2_2_6_1 Generation 10
ERROR: Selection ratios do not add to 100
Max Fitness: 0.10281769043123419
Min Chi^2: 660.5770157114723
waiting...
waiting...
waiting...
waiting...
3_94_20_7_2_2_6_1 Generation 11
ERROR: Selection ratios do not add to 100
Max Fitness: 0.09855556817189705
Min Chi^2: 660.5770157114723
waiting...
waiting...
waiting...
waiting...
3_94_20_7_2_2_6_1 Generation 12
ERROR: Selection ratios do not add to 100
Max Fitness: 0.1050926692650809
Min Chi^2: 660.5770157114723
waiting...
waiting...
waiting...
waiting...
3_94_20_7_2_2_6_1 Generation 13
ERROR: Selection ratios do not add to 100
Max Fitness: 0.10553197263143048
Min Chi^2: 660.5770157114723
waiting...
waiting...
waiting...
waiting...
3_94_20_7_2_2_6_1 Generation 14
ERROR: Selection ratios do not add to 100
Max Fitness: 0.11248454356850386
Min Chi^2: 660.5770157114723
waiting...
waiting...
waiting...
waiting...
3_94_20_7_2_2_6_1 Generation 15
ERROR: Selection ratios do not add to 100
Max Fitness: 0.11078646376612901
Min Chi^2: 660.5770157114723
waiting...
waiting...
waiting...
waiting...
3_94_20_7_2_2_6_1 Generation 16
ERROR: Selection ratios do not add to 100
Max Fitness: 0.09876373130190051
Min Chi^2: 660.5770157114723
waiting...
waiting...
waiting...
waiting...
3_94_20_7_2_2_6_1 Generation 17
ERROR: Selection ratios do not add to 100
Max Fitness: 0.10027725245048999
Min Chi^2: 660.5770157114723
waiting...
waiting...
waiting...
waiting...
3_94_20_7_2_2_6_1 Generation 18
ERROR: Selection ratios do not add to 100
Max Fitness: 0.10297635968259364
Min Chi^2: 660.5770157114723
waiting...
waiting...
waiting...
waiting...
3_94_20_7_2_2_6_1 Generation 19
ERROR: Selection ratios do not add to 100
Max Fitness: 0.11496869042304389
Min Chi^2: 660.5770157114723
waiting...
waiting...
waiting...
waiting...
3_94_20_7_2_2_6_1 Generation 20
ERROR: Selection ratios do not add to 100
Max Fitness: 0.10947670383584136
Min Chi^2: 660.5770157114723
waiting...
waiting...
waiting...
waiting...
3_94_20_7_2_2_6_1 Generation 21
ERROR: Selection ratios do not add to 100
Max Fitness: 0.10676437117049356
Min Chi^2: 660.5770157114723
waiting...
waiting...
waiting...
waiting...
3_94_20_7_2_2_6_1 Generation 22
ERROR: Selection ratios do not add to 100
Max Fitness: 0.10328628130912038
Min Chi^2: 660.5770157114723
waiting...
waiting...
waiting...
waiting...
3_94_20_7_2_2_6_1 Generation 23
ERROR: Selection ratios do not add to 100
Max Fitness: 0.10352516230310588
Min Chi^2: 660.5770157114723
waiting...
waiting...
waiting...
waiting...
3_94_20_7_2_2_6_1 Generation 24
ERROR: Selection ratios do not add to 100
Max Fitness: 0.10273450850695316
Min Chi^2: 660.5770157114723
waiting...
waiting...
waiting...
waiting...
3_94_20_7_2_2_6_1 Generation 25
ERROR: Selection ratios do not add to 100
Max Fitness: 0.10777247554259284
Min Chi^2: 660.5770157114723
waiting...
waiting...
waiting...
waiting...
3_94_20_7_2_2_6_1 Generation 26
ERROR: Selection ratios do not add to 100
Max Fitness: 0.10829456182747807
Min Chi^2: 660.5770157114723
waiting...
waiting...
waiting...
waiting...
3_94_20_7_2_2_6_1 Generation 27
ERROR: Selection ratios do not add to 100
Max Fitness: 0.10540800916607311
Min Chi^2: 660.5770157114723
waiting...
waiting...
waiting...
waiting...
3_94_20_7_2_2_6_1 Generation 28
ERROR: Selection ratios do not add to 100
Max Fitness: 0.10066513988671008
Min Chi^2: 660.5770157114723
waiting...
waiting...
waiting...
waiting...
3_94_20_7_2_2_6_1 Generation 29
ERROR: Selection ratios do not add to 100
Max Fitness: 0.10632277748149407
Min Chi^2: 660.5770157114723
waiting...
waiting...
waiting...
waiting...
3_94_20_7_2_2_6_1 Generation 30
ERROR: Selection ratios do not add to 100
Max Fitness: 0.11255860602907673
Min Chi^2: 660.5770157114723
waiting...
waiting...
waiting...
waiting...
3_94_20_7_2_2_6_1 Generation 31
ERROR: Selection ratios do not add to 100
Max Fitness: 0.10430031197689635
Min Chi^2: 660.5770157114723
waiting...
waiting...
waiting...
waiting...
3_94_20_7_2_2_6_1 Generation 32
ERROR: Selection ratios do not add to 100
Max Fitness: 0.10390208476333067
Min Chi^2: 660.5770157114723
waiting...
waiting...
waiting...
waiting...
3_94_20_7_2_2_6_1 Generation 33
ERROR: Selection ratios do not add to 100
Max Fitness: 0.10425568935931626
Min Chi^2: 660.5770157114723
waiting...
waiting...
waiting...
waiting...
3_94_20_7_2_2_6_1 Generation 34
ERROR: Selection ratios do not add to 100
Max Fitness: 0.10581241207412379
Min Chi^2: 660.5770157114723
waiting...
waiting...
waiting...
waiting...
3_94_20_7_2_2_6_1 Generation 35
ERROR: Selection ratios do not add to 100
Max Fitness: 0.10965916656629945
Min Chi^2: 660.5770157114723
waiting...
waiting...
waiting...
waiting...
3_94_20_7_2_2_6_1 Generation 36
ERROR: Selection ratios do not add to 100
Max Fitness: 0.10145784072662214
Min Chi^2: 660.5770157114723
waiting...
waiting...
waiting...
waiting...
3_94_20_7_2_2_6_1 Generation 37
ERROR: Selection ratios do not add to 100
Max Fitness: 0.10458770893978246
Min Chi^2: 660.5770157114723
waiting...
waiting...
waiting...
waiting...
3_94_20_7_2_2_6_1 Generation 38
ERROR: Selection ratios do not add to 100
Max Fitness: 0.11221111578247221
Min Chi^2: 660.5770157114723
waiting...
waiting...
waiting...
waiting...
3_94_20_7_2_2_6_1 Generation 39
ERROR: Selection ratios do not add to 100
Max Fitness: 0.11434832972507011
Min Chi^2: 660.5770157114723
waiting...
waiting...
waiting...
waiting...
3_94_20_7_2_2_6_1 Generation 40
ERROR: Selection ratios do not add to 100
Max Fitness: 0.10267534235095413
Min Chi^2: 660.5770157114723
waiting...
waiting...
waiting...
waiting...
3_94_20_7_2_2_6_1 Generation 41
ERROR: Selection ratios do not add to 100
Max Fitness: 0.10193595092493617
Min Chi^2: 660.5770157114723
waiting...
waiting...
waiting...
waiting...
3_94_20_7_2_2_6_1 Generation 42
ERROR: Selection ratios do not add to 100
Max Fitness: 0.10493660224677807
Min Chi^2: 660.5770157114723
waiting...
waiting...
waiting...
waiting...
3_94_20_7_2_2_6_1 Generation 43
ERROR: Selection ratios do not add to 100
Max Fitness: 0.10777673298241189
Min Chi^2: 660.5770157114723
waiting...
waiting...
waiting...
waiting...
3_94_20_7_2_2_6_1 Generation 44
ERROR: Selection ratios do not add to 100
Max Fitness: 0.10399991796729739
Min Chi^2: 660.5770157114723
waiting...
waiting...
waiting...
waiting...
3_94_20_7_2_2_6_1 Generation 45
ERROR: Selection ratios do not add to 100
Max Fitness: 0.10481681292622112
Min Chi^2: 660.5770157114723
waiting...
waiting...
waiting...
waiting...
3_94_20_7_2_2_6_1 Generation 46
ERROR: Selection ratios do not add to 100
Max Fitness: 0.09987158888725085
Min Chi^2: 660.5770157114723
waiting...
waiting...
waiting...
waiting...
3_94_20_7_2_2_6_1 Generation 47
ERROR: Selection ratios do not add to 100
Max Fitness: 0.10311499474901176
Min Chi^2: 660.5770157114723
waiting...
waiting...
waiting...
waiting...
3_94_20_7_2_2_6_1 Generation 48
ERROR: Selection ratios do not add to 100
Max Fitness: 0.10078977739897411
Min Chi^2: 660.5770157114723
waiting...
waiting...
waiting...
waiting...
3_94_20_7_2_2_6_1 Generation 49
ERROR: Selection ratios do not add to 100
Max Fitness: 0.09812894532409974
Min Chi^2: 660.5770157114723
waiting...
waiting...
waiting...
waiting...
3_94_20_7_2_2_6_1 Generation 50
ERROR: Selection ratios do not add to 100
Max Fitness: 0.10795639306725992
Min Chi^2: 660.5770157114723
waiting...
waiting...
waiting...
waiting...
0.10795639306725992
660.5770157114723
