3_94_20_7_2_2_6_1 Generation 0
ERROR: Selection ratios do not add to 100
Max Fitness: 0.10216409367366114
Min Chi^2: 660.5770157114723
waiting...
waiting...
waiting...
waiting...
3_94_20_7_2_2_6_1 Generation 1
ERROR: Selection ratios do not add to 100
Max Fitness: 0.10377201954735912
Min Chi^2: 660.5770157114723
waiting...
waiting...
waiting...
waiting...
3_94_20_7_2_2_6_1 Generation 2
ERROR: Selection ratios do not add to 100
Max Fitness: 0.10757117798923174
Min Chi^2: 660.5770157114723
waiting...
waiting...
waiting...
waiting...
3_94_20_7_2_2_6_1 Generation 3
ERROR: Selection ratios do not add to 100
Max Fitness: 0.10324792136602287
Min Chi^2: 660.5770157114723
waiting...
waiting...
waiting...
waiting...
3_94_20_7_2_2_6_1 Generation 4
ERROR: Selection ratios do not add to 100
Max Fitness: 0.09788419515201421
Min Chi^2: 660.5770157114723
waiting...
waiting...
waiting...
waiting...
3_94_20_7_2_2_6_1 Generation 5
ERROR: Selection ratios do not add to 100
Max Fitness: 0.11314940986462965
Min Chi^2: 660.5770157114723
waiting...
waiting...
waiting...
waiting...
3_94_20_7_2_2_6_1 Generation 6
ERROR: Selection ratios do not add to 100
Max Fitness: 0.10500420942887537
Min Chi^2: 660.5770157114723
waiting...
waiting...
waiting...
waiting...
3_94_20_7_2_2_6_1 Generation 7
ERROR: Selection ratios do not add to 100
Max Fitness: 0.10665226062080445
Min Chi^2: 660.5770157114723
waiting...
waiting...
waiting...
waiting...
3_94_20_7_2_2_6_1 Generation 8
ERROR: Selection ratios do not add to 100
Max Fitness: 0.09987481397837733
Min Chi^2: 660.5770157114723
waiting...
waiting...
waiting...
waiting...
3_94_20_7_2_2_6_1 Generation 9
ERROR: Selection ratios do not add to 100
Max Fitness: 0.1036528389499115
Min Chi^2: 660.5770157114723
waiting...
waiting...
waiting...
waiting...
3_94_20_7_2_2_6_1 Generation 10
ERROR: Selection ratios do not add to 100
Max Fitness: 0.11290546066369397
Min Chi^2: 660.5770157114723
waiting...
waiting...
waiting...
waiting...
3_94_20_7_2_2_6_1 Generation 11
ERROR: Selection ratios do not add to 100
Max Fitness: 0.10893186717318873
Min Chi^2: 660.5770157114723
waiting...
waiting...
waiting...
waiting...
3_94_20_7_2_2_6_1 Generation 12
ERROR: Selection ratios do not add to 100
Max Fitness: 0.11104045526517975
Min Chi^2: 660.5770157114723
waiting...
waiting...
waiting...
waiting...
3_94_20_7_2_2_6_1 Generation 13
ERROR: Selection ratios do not add to 100
Max Fitness: 0.10564036173654966
Min Chi^2: 660.5770157114723
waiting...
waiting...
waiting...
waiting...
3_94_20_7_2_2_6_1 Generation 14
ERROR: Selection ratios do not add to 100
Max Fitness: 0.10178802353862021
Min Chi^2: 660.5770157114723
waiting...
waiting...
waiting...
waiting...
3_94_20_7_2_2_6_1 Generation 15
ERROR: Selection ratios do not add to 100
Max Fitness: 0.10423418610991171
Min Chi^2: 660.5770157114723
waiting...
waiting...
waiting...
waiting...
3_94_20_7_2_2_6_1 Generation 16
ERROR: Selection ratios do not add to 100
Max Fitness: 0.09740920395662525
Min Chi^2: 660.5770157114723
waiting...
waiting...
waiting...
waiting...
3_94_20_7_2_2_6_1 Generation 17
ERROR: Selection ratios do not add to 100
Max Fitness: 0.1039715472481816
Min Chi^2: 660.5770157114723
waiting...
waiting...
waiting...
waiting...
3_94_20_7_2_2_6_1 Generation 18
ERROR: Selection ratios do not add to 100
Max Fitness: 0.10042867029371078
Min Chi^2: 660.5770157114723
waiting...
waiting...
waiting...
waiting...
3_94_20_7_2_2_6_1 Generation 19
ERROR: Selection ratios do not add to 100
Max Fitness: 0.1004269181074921
Min Chi^2: 660.5770157114723
waiting...
waiting...
waiting...
waiting...
3_94_20_7_2_2_6_1 Generation 20
ERROR: Selection ratios do not add to 100
Max Fitness: 0.10155809670502117
Min Chi^2: 660.5770157114723
waiting...
waiting...
waiting...
waiting...
3_94_20_7_2_2_6_1 Generation 21
ERROR: Selection ratios do not add to 100
Max Fitness: 0.09922803653583634
Min Chi^2: 660.5770157114723
waiting...
waiting...
waiting...
waiting...
3_94_20_7_2_2_6_1 Generation 22
ERROR: Selection ratios do not add to 100
Max Fitness: 0.10186686606388684
Min Chi^2: 660.5770157114723
waiting...
waiting...
waiting...
waiting...
3_94_20_7_2_2_6_1 Generation 23
ERROR: Selection ratios do not add to 100
Max Fitness: 0.1036748650619591
Min Chi^2: 660.5770157114723
waiting...
waiting...
waiting...
waiting...
3_94_20_7_2_2_6_1 Generation 24
ERROR: Selection ratios do not add to 100
Max Fitness: 0.10472372908221125
Min Chi^2: 660.5770157114723
waiting...
waiting...
waiting...
waiting...
3_94_20_7_2_2_6_1 Generation 25
ERROR: Selection ratios do not add to 100
Max Fitness: 0.09935134263555963
Min Chi^2: 660.5770157114723
waiting...
waiting...
waiting...
waiting...
3_94_20_7_2_2_6_1 Generation 26
ERROR: Selection ratios do not add to 100
Max Fitness: 0.10656318327961575
Min Chi^2: 660.5770157114723
waiting...
waiting...
waiting...
waiting...
3_94_20_7_2_2_6_1 Generation 27
ERROR: Selection ratios do not add to 100
Max Fitness: 0.10749344423926067
Min Chi^2: 660.5770157114723
waiting...
waiting...
waiting...
waiting...
3_94_20_7_2_2_6_1 Generation 28
ERROR: Selection ratios do not add to 100
Max Fitness: 0.11023091484977246
Min Chi^2: 660.5770157114723
waiting...
waiting...
waiting...
waiting...
3_94_20_7_2_2_6_1 Generation 29
ERROR: Selection ratios do not add to 100
Max Fitness: 0.09855261682890495
Min Chi^2: 660.5770157114723
waiting...
waiting...
waiting...
waiting...
3_94_20_7_2_2_6_1 Generation 30
ERROR: Selection ratios do not add to 100
Max Fitness: 0.10475159560660298
Min Chi^2: 660.5770157114723
waiting...
waiting...
waiting...
waiting...
3_94_20_7_2_2_6_1 Generation 31
ERROR: Selection ratios do not add to 100
Max Fitness: 0.10767476391656591
Min Chi^2: 660.5770157114723
waiting...
waiting...
waiting...
waiting...
3_94_20_7_2_2_6_1 Generation 32
ERROR: Selection ratios do not add to 100
Max Fitness: 0.1043655941325742
Min Chi^2: 660.5770157114723
waiting...
waiting...
waiting...
waiting...
3_94_20_7_2_2_6_1 Generation 33
ERROR: Selection ratios do not add to 100
Max Fitness: 0.10059227954472888
Min Chi^2: 660.5770157114723
waiting...
waiting...
waiting...
waiting...
3_94_20_7_2_2_6_1 Generation 34
ERROR: Selection ratios do not add to 100
Max Fitness: 0.10247614867769012
Min Chi^2: 660.5770157114723
waiting...
waiting...
waiting...
waiting...
3_94_20_7_2_2_6_1 Generation 35
ERROR: Selection ratios do not add to 100
Max Fitness: 0.10738688122666537
Min Chi^2: 660.5770157114723
waiting...
waiting...
waiting...
waiting...
3_94_20_7_2_2_6_1 Generation 36
ERROR: Selection ratios do not add to 100
Max Fitness: 0.10368036521675038
Min Chi^2: 660.5770157114723
waiting...
waiting...
waiting...
waiting...
3_94_20_7_2_2_6_1 Generation 37
ERROR: Selection ratios do not add to 100
Max Fitness: 0.10536120948915809
Min Chi^2: 660.5770157114723
waiting...
waiting...
waiting...
waiting...
3_94_20_7_2_2_6_1 Generation 38
ERROR: Selection ratios do not add to 100
Max Fitness: 0.10196962082356308
Min Chi^2: 660.5770157114723
waiting...
waiting...
waiting...
waiting...
3_94_20_7_2_2_6_1 Generation 39
ERROR: Selection ratios do not add to 100
Max Fitness: 0.10217910799385403
Min Chi^2: 660.5770157114723
waiting...
waiting...
waiting...
waiting...
3_94_20_7_2_2_6_1 Generation 40
ERROR: Selection ratios do not add to 100
Max Fitness: 0.09948584717557302
Min Chi^2: 660.5770157114723
waiting...
waiting...
waiting...
waiting...
3_94_20_7_2_2_6_1 Generation 41
ERROR: Selection ratios do not add to 100
Max Fitness: 0.10391578061041933
Min Chi^2: 660.5770157114723
waiting...
waiting...
waiting...
waiting...
3_94_20_7_2_2_6_1 Generation 42
ERROR: Selection ratios do not add to 100
Max Fitness: 0.10520114541201842
Min Chi^2: 660.5770157114723
waiting...
waiting...
waiting...
waiting...
3_94_20_7_2_2_6_1 Generation 43
ERROR: Selection ratios do not add to 100
Max Fitness: 0.10456069481866775
Min Chi^2: 660.5770157114723
waiting...
waiting...
waiting...
waiting...
3_94_20_7_2_2_6_1 Generation 44
ERROR: Selection ratios do not add to 100
Max Fitness: 0.1090570007459473
Min Chi^2: 660.5770157114723
waiting...
waiting...
waiting...
waiting...
3_94_20_7_2_2_6_1 Generation 45
ERROR: Selection ratios do not add to 100
Max Fitness: 0.10573434543594677
Min Chi^2: 660.5770157114723
waiting...
waiting...
waiting...
waiting...
3_94_20_7_2_2_6_1 Generation 46
ERROR: Selection ratios do not add to 100
Max Fitness: 0.10707685291305868
Min Chi^2: 660.5770157114723
waiting...
waiting...
waiting...
waiting...
3_94_20_7_2_2_6_1 Generation 47
ERROR: Selection ratios do not add to 100
Max Fitness: 0.10055724727047638
Min Chi^2: 660.5770157114723
waiting...
waiting...
waiting...
waiting...
3_94_20_7_2_2_6_1 Generation 48
ERROR: Selection ratios do not add to 100
Max Fitness: 0.10625273528603404
Min Chi^2: 660.5770157114723
waiting...
waiting...
waiting...
waiting...
3_94_20_7_2_2_6_1 Generation 49
ERROR: Selection ratios do not add to 100
Max Fitness: 0.1032921115244362
Min Chi^2: 660.5770157114723
waiting...
waiting...
waiting...
waiting...
3_94_20_7_2_2_6_1 Generation 50
ERROR: Selection ratios do not add to 100
Max Fitness: 0.10338067249124842
Min Chi^2: 660.5770157114723
waiting...
waiting...
waiting...
waiting...
0.10338067249124842
660.5770157114723
